<?xml version="1.0" encoding="UTF-8"?>
<testsuite xmlns:xsi="http://www.w3.org/2001/XMLSchema-instance" xsi:noNamespaceSchemaLocation="https://maven.apache.org/surefire/maven-surefire-plugin/xsd/surefire-test-report.xsd" version="3.0.2" name="com.test.RunCucumberTest" time="13.887" tests="10" errors="5" skipped="0" failures="0">
  <properties>
[...]
</properties>
  <testcase name="Вход с валидными данными" classname="com.test.RunCucumberTest" time="3.035">
    <system-out><![CDATA[
Сценарий: Вход с валидными данными                           &amp#27;[90m# src/test/resources/features/auth.feature:4&amp#27;[0m
  &amp#27;[32mДано &amp#27;[0m&amp#27;[32mоткрыть страницу авторизации&amp#27;[0m                          &amp#27;[90m# steps.AuthSteps.openAuthPage()&amp#27;[0m
  &amp#27;[32mКогда &amp#27;[0m&amp#27;[32mввести логин &amp#27;[0m&amp#27;[32m&amp#27;[1m"test@protei.ru"&amp#27;[0m&amp#27;[32m и пароль &amp#27;[0m&amp#27;[32m&amp#27;[1m"test"&amp#27;[0m        &amp#27;[90m# steps.AuthSteps.enterCredentials(java.lang.String,java.lang.String)&amp#27;[0m
  &amp#27;[32mИ &amp#27;[0m&amp#27;[32mнажать кнопку Вход&amp#27;[0m                                       &amp#27;[90m# steps.AuthSteps.clickAuthButton()&amp#27;[0m
  &amp#27;[32mТогда &amp#27;[0m&amp#27;[32mпроверить, что отображается страница с формой данных&amp#27;[0m &amp#27;[90m# steps.AuthSteps.seeDataPage()&amp#27;[0m
]]></system-out>
    <system-err><![CDATA[SLF4J: No SLF4J providers were found.
SLF4J: Defaulting to no-operation (NOP) logger implementation
SLF4J: See https://www.slf4j.org/codes.html#noProviders for further details.
Sep 12, 2026 9:11:21 AM org.openqa.selenium.devtools.CdpVersionFinder findNearestMatch
WARNING: Unable to find CDP implementation matching 152
Sep 12, 2026 9:11:21 AM org.openqa.selenium.chromium.ChromiumDriver lambda$new$5
WARNING: Unable to find version of CDP to use for 152.0.7977.82. You may need to include a dependency on a specific version of the CDP using something similar to `org.seleniumhq.selenium:selenium-devtools-v86:4.15.0` where the version ("v86") matches the version of the chromium-based browser you're using and the version number of the artifact is the same as Selenium's.
]]></system-err>
  </testcase>
  <testcase name="Пустой email" classname="com.test.RunCucumberTest" time="1.344">
    <system-out><![CDATA[
Сценарий: Пустой email                                              &amp#27;[90m# src/test/resources/features/auth.feature:10&amp#27;[0m
  &amp#27;[32mДано &amp#27;[0m&amp#27;[32mоткрыть страницу авторизации&amp#27;[0m                                 &amp#27;[90m# steps.AuthSteps.openAuthPage()&amp#27;[0m
  &amp#27;[32mКогда &amp#27;[0m&amp#27;[32mввести логин &amp#27;[0m&amp#27;[32m&amp#27;[1m""&amp#27;[0m&amp#27;[32m и пароль &amp#27;[0m&amp#27;[32m&amp#27;[1m"test"&amp#27;[0m                             &amp#27;[90m# steps.AuthSteps.enterCredentials(java.lang.String,java.lang.String)&amp#27;[0m
  &amp#27;[32mИ &amp#27;[0m&amp#27;[32mнажать кнопку Вход&amp#27;[0m                                              &amp#27;[90m# steps.AuthSteps.clickAuthButton()&amp#27;[0m
  &amp#27;[32mТогда &amp#27;[0m&amp#27;[32mпроверить, что отображается ошибка &amp#27;[0m&amp#27;[32m&amp#27;[1m"Неверный формат E-Mail"&amp#27;[0m &amp#27;[90m# steps.AuthSteps.seeError(java.lang.String)&amp#27;[0m
]]></system-out>
    <system-err><![CDATA[Sep 12, 2026 9:11:22 AM org.openqa.selenium.devtools.CdpVersionFinder findNearestMatch
WARNING: Unable to find CDP implementation matching 152
Sep 12, 2026 9:11:22 AM org.openqa.selenium.chromium.ChromiumDriver lambda$new$5
WARNING: Unable to find version of CDP to use for 152.0.7977.82. You may need to include a dependency on a specific version of the CDP using something similar to `org.seleniumhq.selenium:selenium-devtools-v86:4.15.0` where the version ("v86") matches the version of the chromium-based browser you're using and the version number of the artifact is the same as Selenium's.
]]></system-err>
  </testcase>
  <testcase name="Невалидный email" classname="com.test.RunCucumberTest" time="1.262">
    <system-out><![CDATA[
Сценарий: Невалидный email                                          &amp#27;[90m# src/test/resources/features/auth.feature:16&amp#27;[0m
  &amp#27;[32mДано &amp#27;[0m&amp#27;[32mоткрыть страницу авторизации&amp#27;[0m                                 &amp#27;[90m# steps.AuthSteps.openAuthPage()&amp#27;[0m
  &amp#27;[32mКогда &amp#27;[0m&amp#27;[32mввести логин &amp#27;[0m&amp#27;[32m&amp#27;[1m"wrong-email"&amp#27;[0m&amp#27;[32m и пароль &amp#27;[0m&amp#27;[32m&amp#27;[1m"test"&amp#27;[0m                  &amp#27;[90m# steps.AuthSteps.enterCredentials(java.lang.String,java.lang.String)&amp#27;[0m
  &amp#27;[32mИ &amp#27;[0m&amp#27;[32mнажать кнопку Вход&amp#27;[0m                                              &amp#27;[90m# steps.AuthSteps.clickAuthButton()&amp#27;[0m
  &amp#27;[32mТогда &amp#27;[0m&amp#27;[32mпроверить, что отображается ошибка &amp#27;[0m&amp#27;[32m&amp#27;[1m"Неверный формат E-Mail"&amp#27;[0m &amp#27;[90m# steps.AuthSteps.seeError(java.lang.String)&amp#27;[0m
]]></system-out>
    <system-err><![CDATA[Sep 12, 2026 9:11:24 AM org.openqa.selenium.devtools.CdpVersionFinder findNearestMatch
WARNING: Unable to find CDP implementation matching 152
Sep 12, 2026 9:11:24 AM org.openqa.selenium.chromium.ChromiumDriver lambda$new$5
WARNING: Unable to find version of CDP to use for 152.0.7977.82. You may need to include a dependency on a specific version of the CDP using something similar to `org.seleniumhq.selenium:selenium-devtools-v86:4.15.0` where the version ("v86") matches the version of the chromium-based browser you're using and the version number of the artifact is the same as Selenium's.
]]></system-err>
  </testcase>
  <testcase name="Неверный пароль" classname="com.test.RunCucumberTest" time="1.264">
    <system-out><![CDATA[
Сценарий: Неверный пароль                                               &amp#27;[90m# src/test/resources/features/auth.feature:22&amp#27;[0m
  &amp#27;[32mДано &amp#27;[0m&amp#27;[32mоткрыть страницу авторизации&amp#27;[0m                                     &amp#27;[90m# steps.AuthSteps.openAuthPage()&amp#27;[0m
  &amp#27;[32mКогда &amp#27;[0m&amp#27;[32mввести логин &amp#27;[0m&amp#27;[32m&amp#27;[1m"test@protei.ru"&amp#27;[0m&amp#27;[32m и пароль &amp#27;[0m&amp#27;[32m&amp#27;[1m"wrong"&amp#27;[0m                  &amp#27;[90m# steps.AuthSteps.enterCredentials(java.lang.String,java.lang.String)&amp#27;[0m
  &amp#27;[32mИ &amp#27;[0m&amp#27;[32mнажать кнопку Вход&amp#27;[0m                                                  &amp#27;[90m# steps.AuthSteps.clickAuthButton()&amp#27;[0m
  &amp#27;[32mТогда &amp#27;[0m&amp#27;[32mпроверить, что отображается ошибка &amp#27;[0m&amp#27;[32m&amp#27;[1m"Неверный E-Mail или пароль"&amp#27;[0m &amp#27;[90m# steps.AuthSteps.seeError(java.lang.String)&amp#27;[0m
]]></system-out>
    <system-err><![CDATA[Sep 12, 2026 9:11:25 AM org.openqa.selenium.devtools.CdpVersionFinder findNearestMatch
WARNING: Unable to find CDP implementation matching 152
Sep 12, 2026 9:11:25 AM org.openqa.selenium.chromium.ChromiumDriver lambda$new$5
WARNING: Unable to find version of CDP to use for 152.0.7977.82. You may need to include a dependency on a specific version of the CDP using something similar to `org.seleniumhq.selenium:selenium-devtools-v86:4.15.0` where the version ("v86") matches the version of the chromium-based browser you're using and the version number of the artifact is the same as Selenium's.
]]></system-err>
  </testcase>
  <testcase name="Пустой пароль" classname="com.test.RunCucumberTest" time="1.141">
    <system-out><![CDATA[
Сценарий: Пустой пароль                                                 &amp#27;[90m# src/test/resources/features/auth.feature:28&amp#27;[0m
  &amp#27;[32mДано &amp#27;[0m&amp#27;[32mоткрыть страницу авторизации&amp#27;[0m                                     &amp#27;[90m# steps.AuthSteps.openAuthPage()&amp#27;[0m
  &amp#27;[32mКогда &amp#27;[0m&amp#27;[32mввести логин &amp#27;[0m&amp#27;[32m&amp#27;[1m"test@protei.ru"&amp#27;[0m&amp#27;[32m и пароль &amp#27;[0m&amp#27;[32m&amp#27;[1m""&amp#27;[0m                       &amp#27;[90m# steps.AuthSteps.enterCredentials(java.lang.String,java.lang.String)&amp#27;[0m
  &amp#27;[32mИ &amp#27;[0m&amp#27;[32mнажать кнопку Вход&amp#27;[0m                                                  &amp#27;[90m# steps.AuthSteps.clickAuthButton()&amp#27;[0m
  &amp#27;[32mТогда &amp#27;[0m&amp#27;[32mпроверить, что отображается ошибка &amp#27;[0m&amp#27;[32m&amp#27;[1m"Неверный E-Mail или пароль"&amp#27;[0m &amp#27;[90m# steps.AuthSteps.seeError(java.lang.String)&amp#27;[0m
]]></system-out>
    <system-err><![CDATA[Sep 12, 2026 9:11:26 AM org.openqa.selenium.devtools.CdpVersionFinder findNearestMatch
WARNING: Unable to find CDP implementation matching 152
Sep 12, 2026 9:11:26 AM org.openqa.selenium.chromium.ChromiumDriver lambda$new$5
WARNING: Unable to find version of CDP to use for 152.0.7977.82. You may need to include a dependency on a specific version of the CDP using something similar to `org.seleniumhq.selenium:selenium-devtools-v86:4.15.0` where the version ("v86") matches the version of the chromium-based browser you're using and the version number of the artifact is the same as Selenium's.
]]></system-err>
  </testcase>
  <testcase name="Добавление с валидными данными" classname="com.test.RunCucumberTest" time="1.06">
    <error message="Can&apos;t convert DataTable to Map&lt;java.lang.String, java.lang.String&gt;.&#10;There is more then one value per key. Did you mean to transform to Map&lt;java.lang.String, List&lt;java.lang.String&gt;&gt; instead?" type="io.cucumber.datatable.CucumberDataTableException"><![CDATA[io.cucumber.datatable.CucumberDataTableException: 
Can't convert DataTable to Map<java.lang.String, java.lang.String>.
There is more then one value per key. Did you mean to transform to Map<java.lang.String, List<java.lang.String>> instead?
	at io.cucumber.datatable.CucumberDataTableException.cantConvertToMap(CucumberDataTableException.java:27)
	at io.cucumber.datatable.CucumberDataTableException.keyValueMismatchException(CucumberDataTableException.java:47)
	at io.cucumber.datatable.DataTableTypeRegistryTableConverter.toMap(DataTableTypeRegistryTableConverter.java:282)
	at io.cucumber.datatable.DataTable.asMap(DataTable.java:278)
	at steps.DataSteps.fillForm(DataSteps.java:19)
	at ✽.заполнить форму:(file:///workspaces/codespaces-blank/ui-tests/src/test/resources/features/data.feature:8)
]]></error>
    <system-out><![CDATA[
Сценарий: Добавление с валидными данными              &amp#27;[90m# src/test/resources/features/data.feature:4&amp#27;[0m
  &amp#27;[32mДано &amp#27;[0m&amp#27;[32mоткрыть страницу авторизации&amp#27;[0m                   &amp#27;[90m# steps.AuthSteps.openAuthPage()&amp#27;[0m
  &amp#27;[32mКогда &amp#27;[0m&amp#27;[32mввести логин &amp#27;[0m&amp#27;[32m&amp#27;[1m"test@protei.ru"&amp#27;[0m&amp#27;[32m и пароль &amp#27;[0m&amp#27;[32m&amp#27;[1m"test"&amp#27;[0m &amp#27;[90m# steps.AuthSteps.enterCredentials(java.lang.String,java.lang.String)&amp#27;[0m
  &amp#27;[32mИ &amp#27;[0m&amp#27;[32mнажать кнопку Вход&amp#27;[0m                                &amp#27;[90m# steps.AuthSteps.clickAuthButton()&amp#27;[0m
  &amp#27;[31mИ &amp#27;[0m&amp#27;[31mзаполнить форму:&amp#27;[0m                                  &amp#27;[90m# steps.DataSteps.fillForm(io.cucumber.datatable.DataTable)&amp#27;[0m
    | Email          | Имя         | Пол     | Выбор 1 | Выбор 2 |
    | test@protei.ru | Иван Петров | Мужской | 1.1     | 2.2     |
      &amp#27;[31mio.cucumber.datatable.CucumberDataTableException: Can't convert DataTable to Map<java.lang.String, java.lang.String>.
There is more then one value per key. Did you mean to transform to Map<java.lang.String, List<java.lang.String>> instead?
	at io.cucumber.datatable.CucumberDataTableException.cantConvertToMap(CucumberDataTableException.java:27)
	at io.cucumber.datatable.CucumberDataTableException.keyValueMismatchException(CucumberDataTableException.java:47)
	at io.cucumber.datatable.DataTableTypeRegistryTableConverter.toMap(DataTableTypeRegistryTableConverter.java:282)
	at io.cucumber.datatable.DataTable.asMap(DataTable.java:278)
	at steps.DataSteps.fillForm(DataSteps.java:19)
	at ✽.заполнить форму:(file:///workspaces/codespaces-blank/ui-tests/src/test/resources/features/data.feature:8)
&amp#27;[0m
  &amp#27;[36mИ &amp#27;[0m&amp#27;[36mнажать кнопку Добавить&amp#27;[0m                            &amp#27;[90m# steps.DataSteps.clickAddButton()&amp#27;[0m
  &amp#27;[36mТогда &amp#27;[0m&amp#27;[36mпроверить, что в таблице есть запись:&amp#27;[0m         &amp#27;[90m# steps.DataSteps.checkTable(io.cucumber.datatable.DataTable)&amp#27;[0m
    | Email          | Имя         | Пол     |
    | test@protei.ru | Иван Петров | Мужской |
]]></system-out>
    <system-err><![CDATA[Sep 12, 2026 9:11:27 AM org.openqa.selenium.devtools.CdpVersionFinder findNearestMatch
WARNING: Unable to find CDP implementation matching 152
Sep 12, 2026 9:11:27 AM org.openqa.selenium.chromium.ChromiumDriver lambda$new$5
WARNING: Unable to find version of CDP to use for 152.0.7977.82. You may need to include a dependency on a specific version of the CDP using something similar to `org.seleniumhq.selenium:selenium-devtools-v86:4.15.0` where the version ("v86") matches the version of the chromium-based browser you're using and the version number of the artifact is the same as Selenium's.
]]></system-err>
  </testcase>
  <testcase name="Пустой Email в форме" classname="com.test.RunCucumberTest" time="1.178">
    <error message="Can&apos;t convert DataTable to Map&lt;java.lang.String, java.lang.String&gt;.&#10;There is more then one value per key. Did you mean to transform to Map&lt;java.lang.String, List&lt;java.lang.String&gt;&gt; instead?" type="io.cucumber.datatable.CucumberDataTableException"><![CDATA[io.cucumber.datatable.CucumberDataTableException: 
Can't convert DataTable to Map<java.lang.String, java.lang.String>.
There is more then one value per key. Did you mean to transform to Map<java.lang.String, List<java.lang.String>> instead?
	at io.cucumber.datatable.CucumberDataTableException.cantConvertToMap(CucumberDataTableException.java:27)
	at io.cucumber.datatable.CucumberDataTableException.keyValueMismatchException(CucumberDataTableException.java:47)
	at io.cucumber.datatable.DataTableTypeRegistryTableConverter.toMap(DataTableTypeRegistryTableConverter.java:282)
	at io.cucumber.datatable.DataTable.asMap(DataTable.java:278)
	at steps.DataSteps.fillForm(DataSteps.java:19)
	at ✽.заполнить форму:(file:///workspaces/codespaces-blank/ui-tests/src/test/resources/features/data.feature:20)
]]></error>
    <system-out><![CDATA[
Сценарий: Пустой Email в форме                                            &amp#27;[90m# src/test/resources/features/data.feature:16&amp#27;[0m
  &amp#27;[32mДано &amp#27;[0m&amp#27;[32mоткрыть страницу авторизации&amp#27;[0m                                       &amp#27;[90m# steps.AuthSteps.openAuthPage()&amp#27;[0m
  &amp#27;[32mКогда &amp#27;[0m&amp#27;[32mввести логин &amp#27;[0m&amp#27;[32m&amp#27;[1m"test@protei.ru"&amp#27;[0m&amp#27;[32m и пароль &amp#27;[0m&amp#27;[32m&amp#27;[1m"test"&amp#27;[0m                     &amp#27;[90m# steps.AuthSteps.enterCredentials(java.lang.String,java.lang.String)&amp#27;[0m
  &amp#27;[32mИ &amp#27;[0m&amp#27;[32mнажать кнопку Вход&amp#27;[0m                                                    &amp#27;[90m# steps.AuthSteps.clickAuthButton()&amp#27;[0m
  &amp#27;[31mИ &amp#27;[0m&amp#27;[31mзаполнить форму:&amp#27;[0m                                                      &amp#27;[90m# steps.DataSteps.fillForm(io.cucumber.datatable.DataTable)&amp#27;[0m
    | Email   | Имя  | Пол     |
    | [empty] | Иван | Мужской |
      &amp#27;[31mio.cucumber.datatable.CucumberDataTableException: Can't convert DataTable to Map<java.lang.String, java.lang.String>.
There is more then one value per key. Did you mean to transform to Map<java.lang.String, List<java.lang.String>> instead?
	at io.cucumber.datatable.CucumberDataTableException.cantConvertToMap(CucumberDataTableException.java:27)
	at io.cucumber.datatable.CucumberDataTableException.keyValueMismatchException(CucumberDataTableException.java:47)
	at io.cucumber.datatable.DataTableTypeRegistryTableConverter.toMap(DataTableTypeRegistryTableConverter.java:282)
	at io.cucumber.datatable.DataTable.asMap(DataTable.java:278)
	at steps.DataSteps.fillForm(DataSteps.java:19)
	at ✽.заполнить форму:(file:///workspaces/codespaces-blank/ui-tests/src/test/resources/features/data.feature:20)
&amp#27;[0m
  &amp#27;[36mИ &amp#27;[0m&amp#27;[36mнажать кнопку Добавить&amp#27;[0m                                                &amp#27;[90m# steps.DataSteps.clickAddButton()&amp#27;[0m
  &amp#27;[36mТогда &amp#27;[0m&amp#27;[36mпроверить, что отображается ошибка формы &amp#27;[0m&amp#27;[36m&amp#27;[1m"Неверный формат E-Mail"&amp#27;[0m &amp#27;[90m# steps.DataSteps.seeFormError(java.lang.String)&amp#27;[0m
]]></system-out>
    <system-err><![CDATA[Sep 12, 2026 9:11:28 AM org.openqa.selenium.devtools.CdpVersionFinder findNearestMatch
WARNING: Unable to find CDP implementation matching 152
Sep 12, 2026 9:11:28 AM org.openqa.selenium.chromium.ChromiumDriver lambda$new$5
WARNING: Unable to find version of CDP to use for 152.0.7977.82. You may need to include a dependency on a specific version of the CDP using something similar to `org.seleniumhq.selenium:selenium-devtools-v86:4.15.0` where the version ("v86") matches the version of the chromium-based browser you're using and the version number of the artifact is the same as Selenium's.
]]></system-err>
  </testcase>
  <testcase name="Пустое Имя" classname="com.test.RunCucumberTest" time="1.161">
    <error message="Can&apos;t convert DataTable to Map&lt;java.lang.String, java.lang.String&gt;.&#10;There is more then one value per key. Did you mean to transform to Map&lt;java.lang.String, List&lt;java.lang.String&gt;&gt; instead?" type="io.cucumber.datatable.CucumberDataTableException"><![CDATA[io.cucumber.datatable.CucumberDataTableException: 
Can't convert DataTable to Map<java.lang.String, java.lang.String>.
There is more then one value per key. Did you mean to transform to Map<java.lang.String, List<java.lang.String>> instead?
	at io.cucumber.datatable.CucumberDataTableException.cantConvertToMap(CucumberDataTableException.java:27)
	at io.cucumber.datatable.CucumberDataTableException.keyValueMismatchException(CucumberDataTableException.java:47)
	at io.cucumber.datatable.DataTableTypeRegistryTableConverter.toMap(DataTableTypeRegistryTableConverter.java:282)
	at io.cucumber.datatable.DataTable.asMap(DataTable.java:278)
	at steps.DataSteps.fillForm(DataSteps.java:19)
	at ✽.заполнить форму:(file:///workspaces/codespaces-blank/ui-tests/src/test/resources/features/data.feature:30)
]]></error>
    <system-out><![CDATA[
Сценарий: Пустое Имя                                                             &amp#27;[90m# src/test/resources/features/data.feature:26&amp#27;[0m
  &amp#27;[32mДано &amp#27;[0m&amp#27;[32mоткрыть страницу авторизации&amp#27;[0m                                              &amp#27;[90m# steps.AuthSteps.openAuthPage()&amp#27;[0m
  &amp#27;[32mКогда &amp#27;[0m&amp#27;[32mввести логин &amp#27;[0m&amp#27;[32m&amp#27;[1m"test@protei.ru"&amp#27;[0m&amp#27;[32m и пароль &amp#27;[0m&amp#27;[32m&amp#27;[1m"test"&amp#27;[0m                            &amp#27;[90m# steps.AuthSteps.enterCredentials(java.lang.String,java.lang.String)&amp#27;[0m
  &amp#27;[32mИ &amp#27;[0m&amp#27;[32mнажать кнопку Вход&amp#27;[0m                                                           &amp#27;[90m# steps.AuthSteps.clickAuthButton()&amp#27;[0m
  &amp#27;[31mИ &amp#27;[0m&amp#27;[31mзаполнить форму:&amp#27;[0m                                                             &amp#27;[90m# steps.DataSteps.fillForm(io.cucumber.datatable.DataTable)&amp#27;[0m
    | Email          | Имя     | Пол     |
    | test@protei.ru | [empty] | Мужской |
      &amp#27;[31mio.cucumber.datatable.CucumberDataTableException: Can't convert DataTable to Map<java.lang.String, java.lang.String>.
There is more then one value per key. Did you mean to transform to Map<java.lang.String, List<java.lang.String>> instead?
	at io.cucumber.datatable.CucumberDataTableException.cantConvertToMap(CucumberDataTableException.java:27)
	at io.cucumber.datatable.CucumberDataTableException.keyValueMismatchException(CucumberDataTableException.java:47)
	at io.cucumber.datatable.DataTableTypeRegistryTableConverter.toMap(DataTableTypeRegistryTableConverter.java:282)
	at io.cucumber.datatable.DataTable.asMap(DataTable.java:278)
	at steps.DataSteps.fillForm(DataSteps.java:19)
	at ✽.заполнить форму:(file:///workspaces/codespaces-blank/ui-tests/src/test/resources/features/data.feature:30)
&amp#27;[0m
  &amp#27;[36mИ &amp#27;[0m&amp#27;[36mнажать кнопку Добавить&amp#27;[0m                                                       &amp#27;[90m# steps.DataSteps.clickAddButton()&amp#27;[0m
  &amp#27;[36mТогда &amp#27;[0m&amp#27;[36mпроверить, что отображается ошибка формы &amp#27;[0m&amp#27;[36m&amp#27;[1m"Поле имя не может быть пустым"&amp#27;[0m &amp#27;[90m# steps.DataSteps.seeFormError(java.lang.String)&amp#27;[0m
]]></system-out>
    <system-err><![CDATA[Sep 12, 2026 9:11:30 AM org.openqa.selenium.devtools.CdpVersionFinder findNearestMatch
WARNING: Unable to find CDP implementation matching 152
Sep 12, 2026 9:11:30 AM org.openqa.selenium.chromium.ChromiumDriver lambda$new$5
WARNING: Unable to find version of CDP to use for 152.0.7977.82. You may need to include a dependency on a specific version of the CDP using something similar to `org.seleniumhq.selenium:selenium-devtools-v86:4.15.0` where the version ("v86") matches the version of the chromium-based browser you're using and the version number of the artifact is the same as Selenium's.
]]></system-err>
  </testcase>
  <testcase name="Без чекбоксов" classname="com.test.RunCucumberTest" time="1.075">
    <error message="Can&apos;t convert DataTable to Map&lt;java.lang.String, java.lang.String&gt;.&#10;There is more then one value per key. Did you mean to transform to Map&lt;java.lang.String, List&lt;java.lang.String&gt;&gt; instead?" type="io.cucumber.datatable.CucumberDataTableException"><![CDATA[io.cucumber.datatable.CucumberDataTableException: 
Can't convert DataTable to Map<java.lang.String, java.lang.String>.
There is more then one value per key. Did you mean to transform to Map<java.lang.String, List<java.lang.String>> instead?
	at io.cucumber.datatable.CucumberDataTableException.cantConvertToMap(CucumberDataTableException.java:27)
	at io.cucumber.datatable.CucumberDataTableException.keyValueMismatchException(CucumberDataTableException.java:47)
	at io.cucumber.datatable.DataTableTypeRegistryTableConverter.toMap(DataTableTypeRegistryTableConverter.java:282)
	at io.cucumber.datatable.DataTable.asMap(DataTable.java:278)
	at steps.DataSteps.fillForm(DataSteps.java:19)
	at ✽.заполнить форму:(file:///workspaces/codespaces-blank/ui-tests/src/test/resources/features/data.feature:40)
]]></error>
    <system-out><![CDATA[
Сценарий: Без чекбоксов                               &amp#27;[90m# src/test/resources/features/data.feature:36&amp#27;[0m
  &amp#27;[32mДано &amp#27;[0m&amp#27;[32mоткрыть страницу авторизации&amp#27;[0m                   &amp#27;[90m# steps.AuthSteps.openAuthPage()&amp#27;[0m
  &amp#27;[32mКогда &amp#27;[0m&amp#27;[32mввести логин &amp#27;[0m&amp#27;[32m&amp#27;[1m"test@protei.ru"&amp#27;[0m&amp#27;[32m и пароль &amp#27;[0m&amp#27;[32m&amp#27;[1m"test"&amp#27;[0m &amp#27;[90m# steps.AuthSteps.enterCredentials(java.lang.String,java.lang.String)&amp#27;[0m
  &amp#27;[32mИ &amp#27;[0m&amp#27;[32mнажать кнопку Вход&amp#27;[0m                                &amp#27;[90m# steps.AuthSteps.clickAuthButton()&amp#27;[0m
  &amp#27;[31mИ &amp#27;[0m&amp#27;[31mзаполнить форму:&amp#27;[0m                                  &amp#27;[90m# steps.DataSteps.fillForm(io.cucumber.datatable.DataTable)&amp#27;[0m
    | Email          | Имя    | Пол     | Выбор 1 | Выбор 2 |
    | test@protei.ru | Сергей | Женский | [empty] | 2.1     |
      &amp#27;[31mio.cucumber.datatable.CucumberDataTableException: Can't convert DataTable to Map<java.lang.String, java.lang.String>.
There is more then one value per key. Did you mean to transform to Map<java.lang.String, List<java.lang.String>> instead?
	at io.cucumber.datatable.CucumberDataTableException.cantConvertToMap(CucumberDataTableException.java:27)
	at io.cucumber.datatable.CucumberDataTableException.keyValueMismatchException(CucumberDataTableException.java:47)
	at io.cucumber.datatable.DataTableTypeRegistryTableConverter.toMap(DataTableTypeRegistryTableConverter.java:282)
	at io.cucumber.datatable.DataTable.asMap(DataTable.java:278)
	at steps.DataSteps.fillForm(DataSteps.java:19)
	at ✽.заполнить форму:(file:///workspaces/codespaces-blank/ui-tests/src/test/resources/features/data.feature:40)
&amp#27;[0m
  &amp#27;[36mИ &amp#27;[0m&amp#27;[36mнажать кнопку Добавить&amp#27;[0m                            &amp#27;[90m# steps.DataSteps.clickAddButton()&amp#27;[0m
  &amp#27;[36mТогда &amp#27;[0m&amp#27;[36mпроверить, что в таблице есть запись:&amp#27;[0m         &amp#27;[90m# steps.DataSteps.checkTable(io.cucumber.datatable.DataTable)&amp#27;[0m
    | Email          | Имя    | Пол     |
    | test@protei.ru | Сергей | Женский |
]]></system-out>
    <system-err><![CDATA[Sep 12, 2026 9:11:31 AM org.openqa.selenium.devtools.CdpVersionFinder findNearestMatch
WARNING: Unable to find CDP implementation matching 152
Sep 12, 2026 9:11:31 AM org.openqa.selenium.chromium.ChromiumDriver lambda$new$5
WARNING: Unable to find version of CDP to use for 152.0.7977.82. You may need to include a dependency on a specific version of the CDP using something similar to `org.seleniumhq.selenium:selenium-devtools-v86:4.15.0` where the version ("v86") matches the version of the chromium-based browser you're using and the version number of the artifact is the same as Selenium's.
]]></system-err>
  </testcase>
  <testcase name="Несколько чекбоксов" classname="com.test.RunCucumberTest" time="1.095">
    <error message="Can&apos;t convert DataTable to Map&lt;java.lang.String, java.lang.String&gt;.&#10;There is more then one value per key. Did you mean to transform to Map&lt;java.lang.String, List&lt;java.lang.String&gt;&gt; instead?" type="io.cucumber.datatable.CucumberDataTableException"><![CDATA[io.cucumber.datatable.CucumberDataTableException: 
Can't convert DataTable to Map<java.lang.String, java.lang.String>.
There is more then one value per key. Did you mean to transform to Map<java.lang.String, List<java.lang.String>> instead?
	at io.cucumber.datatable.CucumberDataTableException.cantConvertToMap(CucumberDataTableException.java:27)
	at io.cucumber.datatable.CucumberDataTableException.keyValueMismatchException(CucumberDataTableException.java:47)
	at io.cucumber.datatable.DataTableTypeRegistryTableConverter.toMap(DataTableTypeRegistryTableConverter.java:282)
	at io.cucumber.datatable.DataTable.asMap(DataTable.java:278)
	at steps.DataSteps.fillForm(DataSteps.java:19)
	at ✽.заполнить форму:(file:///workspaces/codespaces-blank/ui-tests/src/test/resources/features/data.feature:52)
]]></error>
    <system-out><![CDATA[
Сценарий: Несколько чекбоксов                         &amp#27;[90m# src/test/resources/features/data.feature:48&amp#27;[0m
  &amp#27;[32mДано &amp#27;[0m&amp#27;[32mоткрыть страницу авторизации&amp#27;[0m                   &amp#27;[90m# steps.AuthSteps.openAuthPage()&amp#27;[0m
  &amp#27;[32mКогда &amp#27;[0m&amp#27;[32mввести логин &amp#27;[0m&amp#27;[32m&amp#27;[1m"test@protei.ru"&amp#27;[0m&amp#27;[32m и пароль &amp#27;[0m&amp#27;[32m&amp#27;[1m"test"&amp#27;[0m &amp#27;[90m# steps.AuthSteps.enterCredentials(java.lang.String,java.lang.String)&amp#27;[0m
  &amp#27;[32mИ &amp#27;[0m&amp#27;[32mнажать кнопку Вход&amp#27;[0m                                &amp#27;[90m# steps.AuthSteps.clickAuthButton()&amp#27;[0m
  &amp#27;[31mИ &amp#27;[0m&amp#27;[31mзаполнить форму:&amp#27;[0m                                  &amp#27;[90m# steps.DataSteps.fillForm(io.cucumber.datatable.DataTable)&amp#27;[0m
    | Email          | Имя  | Пол     | Выбор 1 | Выбор 2 |
    | test@protei.ru | Анна | Женский | 1.1     | 2.3     |
      &amp#27;[31mio.cucumber.datatable.CucumberDataTableException: Can't convert DataTable to Map<java.lang.String, java.lang.String>.
There is more then one value per key. Did you mean to transform to Map<java.lang.String, List<java.lang.String>> instead?
	at io.cucumber.datatable.CucumberDataTableException.cantConvertToMap(CucumberDataTableException.java:27)
	at io.cucumber.datatable.CucumberDataTableException.keyValueMismatchException(CucumberDataTableException.java:47)
	at io.cucumber.datatable.DataTableTypeRegistryTableConverter.toMap(DataTableTypeRegistryTableConverter.java:282)
	at io.cucumber.datatable.DataTable.asMap(DataTable.java:278)
	at steps.DataSteps.fillForm(DataSteps.java:19)
	at ✽.заполнить форму:(file:///workspaces/codespaces-blank/ui-tests/src/test/resources/features/data.feature:52)
&amp#27;[0m
  &amp#27;[36mИ &amp#27;[0m&amp#27;[36mнажать кнопку Добавить&amp#27;[0m                            &amp#27;[90m# steps.DataSteps.clickAddButton()&amp#27;[0m
  &amp#27;[36mТогда &amp#27;[0m&amp#27;[36mпроверить, что в таблице есть запись:&amp#27;[0m         &amp#27;[90m# steps.DataSteps.checkTable(io.cucumber.datatable.DataTable)&amp#27;[0m
    | Email          | Имя  | Пол     |
    | test@protei.ru | Анна | Женский |
]]></system-out>
    <system-err><![CDATA[Sep 12, 2026 9:11:32 AM org.openqa.selenium.devtools.CdpVersionFinder findNearestMatch
WARNING: Unable to find CDP implementation matching 152
Sep 12, 2026 9:11:32 AM org.openqa.selenium.chromium.ChromiumDriver lambda$new$5
WARNING: Unable to find version of CDP to use for 152.0.7977.82. You may need to include a dependency on a specific version of the CDP using something similar to `org.seleniumhq.selenium:selenium-devtools-v86:4.15.0` where the version ("v86") matches the version of the chromium-based browser you're using and the version number of the artifact is the same as Selenium's.
]]></system-err>
  </testcase>
</testsuite>