<?xml version="1.0" encoding="UTF-8"?>
<testsuite xmlns:xsi="http://www.w3.org/2001/XMLSchema-instance" xsi:noNamespaceSchemaLocation="https://maven.apache.org/surefire/maven-surefire-plugin/xsd/surefire-test-report-3.0.xsd" version="3.0" name="com.test.RunCucumberTest" time="29.616" tests="17" errors="0" skipped="0" failures="0">
  <properties>
[...]
</properties>
  <testcase name="Вход с валидными данными" classname="Авторизация" time="2.882">
    <system-out><![CDATA[
Сценарий: Вход с валидными данными                           &amp#27;[90m# src/test/resources/features/auth.feature:4&amp#27;[0m
12:27:34 INFO  hooks.Hooks - >>> Запускаю браузер
12:27:36 INFO  steps.AuthSteps - >>> Открываю страницу: /workspaces/codespaces-blank/ui-tests/src/test/resources/qa-test.html
  &amp#27;[32mДано &amp#27;[0m&amp#27;[32mоткрыть страницу авторизации&amp#27;[0m                          &amp#27;[90m# steps.AuthSteps.openAuthPage()&amp#27;[0m
12:27:36 INFO  steps.AuthSteps - >>> Ввожу логин: 'test@protei.ru' и пароль: 'test'
  &amp#27;[32mКогда &amp#27;[0m&amp#27;[32mввести логин &amp#27;[0m&amp#27;[32m&amp#27;[1m"test@protei.ru"&amp#27;[0m&amp#27;[32m и пароль &amp#27;[0m&amp#27;[32m&amp#27;[1m"test"&amp#27;[0m        &amp#27;[90m# steps.AuthSteps.enterCredentials(java.lang.String,java.lang.String)&amp#27;[0m
12:27:36 INFO  steps.AuthSteps - >>> Нажимаю кнопку Вход
  &amp#27;[32mИ &amp#27;[0m&amp#27;[32mнажать кнопку Вход&amp#27;[0m                                       &amp#27;[90m# steps.AuthSteps.clickAuthButton()&amp#27;[0m
12:27:36 INFO  steps.AuthSteps - >>> Проверяю страницу с формой данных
12:27:36 INFO  steps.AuthSteps - >>> Страница с данными отобразилась
  &amp#27;[32mТогда &amp#27;[0m&amp#27;[32mпроверить, что отображается страница с формой данных&amp#27;[0m &amp#27;[90m# steps.AuthSteps.seeDataPage()&amp#27;[0m
12:27:36 INFO  hooks.Hooks - >>> Закрываю браузер
]]></system-out>
    <system-err><![CDATA[Sep 12, 2026 12:27:36 PM org.openqa.selenium.devtools.CdpVersionFinder findNearestMatch
WARNING: Unable to find CDP implementation matching 152
Sep 12, 2026 12:27:36 PM org.openqa.selenium.chromium.ChromiumDriver lambda$new$5
WARNING: Unable to find version of CDP to use for 152.0.7977.82. You may need to include a dependency on a specific version of the CDP using something similar to `org.seleniumhq.selenium:selenium-devtools-v86:4.15.0` where the version ("v86") matches the version of the chromium-based browser you're using and the version number of the artifact is the same as Selenium's.
]]></system-err>
  </testcase>
  <testcase name="Пустой email" classname="Авторизация" time="1.519">
    <system-out><![CDATA[
Сценарий: Пустой email                                              &amp#27;[90m# src/test/resources/features/auth.feature:10&amp#27;[0m
12:27:37 INFO  hooks.Hooks - >>> Запускаю браузер
12:27:37 INFO  steps.AuthSteps - >>> Открываю страницу: /workspaces/codespaces-blank/ui-tests/src/test/resources/qa-test.html
  &amp#27;[32mДано &amp#27;[0m&amp#27;[32mоткрыть страницу авторизации&amp#27;[0m                                 &amp#27;[90m# steps.AuthSteps.openAuthPage()&amp#27;[0m
12:27:38 INFO  steps.AuthSteps - >>> Ввожу логин: '' и пароль: 'test'
  &amp#27;[32mКогда &amp#27;[0m&amp#27;[32mввести логин &amp#27;[0m&amp#27;[32m&amp#27;[1m""&amp#27;[0m&amp#27;[32m и пароль &amp#27;[0m&amp#27;[32m&amp#27;[1m"test"&amp#27;[0m                             &amp#27;[90m# steps.AuthSteps.enterCredentials(java.lang.String,java.lang.String)&amp#27;[0m
12:27:38 INFO  steps.AuthSteps - >>> Нажимаю кнопку Вход
  &amp#27;[32mИ &amp#27;[0m&amp#27;[32mнажать кнопку Вход&amp#27;[0m                                              &amp#27;[90m# steps.AuthSteps.clickAuthButton()&amp#27;[0m
12:27:38 INFO  steps.AuthSteps - >>> Проверяю ошибку: 'Неверный формат E-Mail'
12:27:38 INFO  steps.AuthSteps - >>> Фактическая ошибка: 'Неверный формат E-Mail'
  &amp#27;[32mТогда &amp#27;[0m&amp#27;[32mпроверить, что отображается ошибка &amp#27;[0m&amp#27;[32m&amp#27;[1m"Неверный формат E-Mail"&amp#27;[0m &amp#27;[90m# steps.AuthSteps.seeError(java.lang.String)&amp#27;[0m
12:27:38 INFO  hooks.Hooks - >>> Закрываю браузер
]]></system-out>
  </testcase>
  <testcase name="Невалидный email" classname="Авторизация" time="1.387">
    <system-out><![CDATA[
Сценарий: Невалидный email                                          &amp#27;[90m# src/test/resources/features/auth.feature:16&amp#27;[0m
12:27:38 INFO  hooks.Hooks - >>> Запускаю браузер
12:27:39 INFO  steps.AuthSteps - >>> Открываю страницу: /workspaces/codespaces-blank/ui-tests/src/test/resources/qa-test.html
  &amp#27;[32mДано &amp#27;[0m&amp#27;[32mоткрыть страницу авторизации&amp#27;[0m                                 &amp#27;[90m# steps.AuthSteps.openAuthPage()&amp#27;[0m
12:27:39 INFO  steps.AuthSteps - >>> Ввожу логин: 'wrong-email' и пароль: 'test'
  &amp#27;[32mКогда &amp#27;[0m&amp#27;[32mввести логин &amp#27;[0m&amp#27;[32m&amp#27;[1m"wrong-email"&amp#27;[0m&amp#27;[32m и пароль &amp#27;[0m&amp#27;[32m&amp#27;[1m"test"&amp#27;[0m                  &amp#27;[90m# steps.AuthSteps.enterCredentials(java.lang.String,java.lang.String)&amp#27;[0m
12:27:39 INFO  steps.AuthSteps - >>> Нажимаю кнопку Вход
  &amp#27;[32mИ &amp#27;[0m&amp#27;[32mнажать кнопку Вход&amp#27;[0m                                              &amp#27;[90m# steps.AuthSteps.clickAuthButton()&amp#27;[0m
12:27:39 INFO  steps.AuthSteps - >>> Проверяю ошибку: 'Неверный формат E-Mail'
12:27:39 INFO  steps.AuthSteps - >>> Фактическая ошибка: 'Неверный формат E-Mail'
  &amp#27;[32mТогда &amp#27;[0m&amp#27;[32mпроверить, что отображается ошибка &amp#27;[0m&amp#27;[32m&amp#27;[1m"Неверный формат E-Mail"&amp#27;[0m &amp#27;[90m# steps.AuthSteps.seeError(java.lang.String)&amp#27;[0m
12:27:39 INFO  hooks.Hooks - >>> Закрываю браузер
]]></system-out>
  </testcase>
  <testcase name="Неверный пароль" classname="Авторизация" time="1.388">
    <system-out><![CDATA[
Сценарий: Неверный пароль                                               &amp#27;[90m# src/test/resources/features/auth.feature:22&amp#27;[0m
12:27:40 INFO  hooks.Hooks - >>> Запускаю браузер
12:27:40 INFO  steps.AuthSteps - >>> Открываю страницу: /workspaces/codespaces-blank/ui-tests/src/test/resources/qa-test.html
  &amp#27;[32mДано &amp#27;[0m&amp#27;[32mоткрыть страницу авторизации&amp#27;[0m                                     &amp#27;[90m# steps.AuthSteps.openAuthPage()&amp#27;[0m
12:27:40 INFO  steps.AuthSteps - >>> Ввожу логин: 'test@protei.ru' и пароль: 'wrong'
  &amp#27;[32mКогда &amp#27;[0m&amp#27;[32mввести логин &amp#27;[0m&amp#27;[32m&amp#27;[1m"test@protei.ru"&amp#27;[0m&amp#27;[32m и пароль &amp#27;[0m&amp#27;[32m&amp#27;[1m"wrong"&amp#27;[0m                  &amp#27;[90m# steps.AuthSteps.enterCredentials(java.lang.String,java.lang.String)&amp#27;[0m
12:27:41 INFO  steps.AuthSteps - >>> Нажимаю кнопку Вход
  &amp#27;[32mИ &amp#27;[0m&amp#27;[32mнажать кнопку Вход&amp#27;[0m                                                  &amp#27;[90m# steps.AuthSteps.clickAuthButton()&amp#27;[0m
12:27:41 INFO  steps.AuthSteps - >>> Проверяю ошибку: 'Неверный E-Mail или пароль'
12:27:41 INFO  steps.AuthSteps - >>> Фактическая ошибка: 'Неверный E-Mail или пароль'
  &amp#27;[32mТогда &amp#27;[0m&amp#27;[32mпроверить, что отображается ошибка &amp#27;[0m&amp#27;[32m&amp#27;[1m"Неверный E-Mail или пароль"&amp#27;[0m &amp#27;[90m# steps.AuthSteps.seeError(java.lang.String)&amp#27;[0m
12:27:41 INFO  hooks.Hooks - >>> Закрываю браузер
]]></system-out>
  </testcase>
  <testcase name="Пустой пароль" classname="Авторизация" time="1.333">
    <system-out><![CDATA[
Сценарий: Пустой пароль                                                 &amp#27;[90m# src/test/resources/features/auth.feature:28&amp#27;[0m
12:27:41 INFO  hooks.Hooks - >>> Запускаю браузер
12:27:42 INFO  steps.AuthSteps - >>> Открываю страницу: /workspaces/codespaces-blank/ui-tests/src/test/resources/qa-test.html
  &amp#27;[32mДано &amp#27;[0m&amp#27;[32mоткрыть страницу авторизации&amp#27;[0m                                     &amp#27;[90m# steps.AuthSteps.openAuthPage()&amp#27;[0m
12:27:42 INFO  steps.AuthSteps - >>> Ввожу логин: 'test@protei.ru' и пароль: ''
  &amp#27;[32mКогда &amp#27;[0m&amp#27;[32mввести логин &amp#27;[0m&amp#27;[32m&amp#27;[1m"test@protei.ru"&amp#27;[0m&amp#27;[32m и пароль &amp#27;[0m&amp#27;[32m&amp#27;[1m""&amp#27;[0m                       &amp#27;[90m# steps.AuthSteps.enterCredentials(java.lang.String,java.lang.String)&amp#27;[0m
12:27:42 INFO  steps.AuthSteps - >>> Нажимаю кнопку Вход
  &amp#27;[32mИ &amp#27;[0m&amp#27;[32mнажать кнопку Вход&amp#27;[0m                                                  &amp#27;[90m# steps.AuthSteps.clickAuthButton()&amp#27;[0m
12:27:42 INFO  steps.AuthSteps - >>> Проверяю ошибку: 'Неверный E-Mail или пароль'
12:27:42 INFO  steps.AuthSteps - >>> Фактическая ошибка: 'Неверный E-Mail или пароль'
  &amp#27;[32mТогда &amp#27;[0m&amp#27;[32mпроверить, что отображается ошибка &amp#27;[0m&amp#27;[32m&amp#27;[1m"Неверный E-Mail или пароль"&amp#27;[0m &amp#27;[90m# steps.AuthSteps.seeError(java.lang.String)&amp#27;[0m
12:27:42 INFO  hooks.Hooks - >>> Закрываю браузер
]]></system-out>
  </testcase>
  <testcase name="Email с пробелами" classname="Авторизация" time="1.529">
    <system-out><![CDATA[
Сценарий: Email с пробелами                                             &amp#27;[90m# src/test/resources/features/auth.feature:34&amp#27;[0m
12:27:42 INFO  hooks.Hooks - >>> Запускаю браузер
12:27:43 INFO  steps.AuthSteps - >>> Открываю страницу: /workspaces/codespaces-blank/ui-tests/src/test/resources/qa-test.html
  &amp#27;[32mДано &amp#27;[0m&amp#27;[32mоткрыть страницу авторизации&amp#27;[0m                                     &amp#27;[90m# steps.AuthSteps.openAuthPage()&amp#27;[0m
12:27:43 INFO  steps.AuthSteps - >>> Ввожу логин: ' test@protei.ru ' и пароль: 'test'
  &amp#27;[32mКогда &amp#27;[0m&amp#27;[32mввести логин &amp#27;[0m&amp#27;[32m&amp#27;[1m" test@protei.ru "&amp#27;[0m&amp#27;[32m и пароль &amp#27;[0m&amp#27;[32m&amp#27;[1m"test"&amp#27;[0m                 &amp#27;[90m# steps.AuthSteps.enterCredentials(java.lang.String,java.lang.String)&amp#27;[0m
12:27:43 INFO  steps.AuthSteps - >>> Нажимаю кнопку Вход
  &amp#27;[32mИ &amp#27;[0m&amp#27;[32mнажать кнопку Вход&amp#27;[0m                                                  &amp#27;[90m# steps.AuthSteps.clickAuthButton()&amp#27;[0m
12:27:44 INFO  steps.AuthSteps - >>> Проверяю ошибку: 'Неверный E-Mail или пароль'
12:27:44 INFO  steps.AuthSteps - >>> Фактическая ошибка: 'Неверный E-Mail или пароль'
  &amp#27;[32mТогда &amp#27;[0m&amp#27;[32mпроверить, что отображается ошибка &amp#27;[0m&amp#27;[32m&amp#27;[1m"Неверный E-Mail или пароль"&amp#27;[0m &amp#27;[90m# steps.AuthSteps.seeError(java.lang.String)&amp#27;[0m
12:27:44 INFO  hooks.Hooks - >>> Закрываю браузер
]]></system-out>
  </testcase>
  <testcase name="Email без домена" classname="Авторизация" time="1.231">
    <system-out><![CDATA[
Сценарий: Email без домена                                          &amp#27;[90m# src/test/resources/features/auth.feature:40&amp#27;[0m
12:27:44 INFO  hooks.Hooks - >>> Запускаю браузер
12:27:44 INFO  steps.AuthSteps - >>> Открываю страницу: /workspaces/codespaces-blank/ui-tests/src/test/resources/qa-test.html
  &amp#27;[32mДано &amp#27;[0m&amp#27;[32mоткрыть страницу авторизации&amp#27;[0m                                 &amp#27;[90m# steps.AuthSteps.openAuthPage()&amp#27;[0m
12:27:45 INFO  steps.AuthSteps - >>> Ввожу логин: 'test@' и пароль: 'test'
  &amp#27;[32mКогда &amp#27;[0m&amp#27;[32mввести логин &amp#27;[0m&amp#27;[32m&amp#27;[1m"test@"&amp#27;[0m&amp#27;[32m и пароль &amp#27;[0m&amp#27;[32m&amp#27;[1m"test"&amp#27;[0m                        &amp#27;[90m# steps.AuthSteps.enterCredentials(java.lang.String,java.lang.String)&amp#27;[0m
12:27:45 INFO  steps.AuthSteps - >>> Нажимаю кнопку Вход
  &amp#27;[32mИ &amp#27;[0m&amp#27;[32mнажать кнопку Вход&amp#27;[0m                                              &amp#27;[90m# steps.AuthSteps.clickAuthButton()&amp#27;[0m
12:27:45 INFO  steps.AuthSteps - >>> Проверяю ошибку: 'Неверный формат E-Mail'
12:27:45 INFO  steps.AuthSteps - >>> Фактическая ошибка: 'Неверный формат E-Mail'
  &amp#27;[32mТогда &amp#27;[0m&amp#27;[32mпроверить, что отображается ошибка &amp#27;[0m&amp#27;[32m&amp#27;[1m"Неверный формат E-Mail"&amp#27;[0m &amp#27;[90m# steps.AuthSteps.seeError(java.lang.String)&amp#27;[0m
12:27:45 INFO  hooks.Hooks - >>> Закрываю браузер
]]></system-out>
  </testcase>
  <testcase name="Email без собаки" classname="Авторизация" time="1.385">
    <system-out><![CDATA[
Сценарий: Email без собаки                                          &amp#27;[90m# src/test/resources/features/auth.feature:46&amp#27;[0m
12:27:45 INFO  hooks.Hooks - >>> Запускаю браузер
12:27:46 INFO  steps.AuthSteps - >>> Открываю страницу: /workspaces/codespaces-blank/ui-tests/src/test/resources/qa-test.html
  &amp#27;[32mДано &amp#27;[0m&amp#27;[32mоткрыть страницу авторизации&amp#27;[0m                                 &amp#27;[90m# steps.AuthSteps.openAuthPage()&amp#27;[0m
12:27:46 INFO  steps.AuthSteps - >>> Ввожу логин: 'test.ru' и пароль: 'test'
  &amp#27;[32mКогда &amp#27;[0m&amp#27;[32mввести логин &amp#27;[0m&amp#27;[32m&amp#27;[1m"test.ru"&amp#27;[0m&amp#27;[32m и пароль &amp#27;[0m&amp#27;[32m&amp#27;[1m"test"&amp#27;[0m                      &amp#27;[90m# steps.AuthSteps.enterCredentials(java.lang.String,java.lang.String)&amp#27;[0m
12:27:46 INFO  steps.AuthSteps - >>> Нажимаю кнопку Вход
  &amp#27;[32mИ &amp#27;[0m&amp#27;[32mнажать кнопку Вход&amp#27;[0m                                              &amp#27;[90m# steps.AuthSteps.clickAuthButton()&amp#27;[0m
12:27:46 INFO  steps.AuthSteps - >>> Проверяю ошибку: 'Неверный формат E-Mail'
12:27:46 INFO  steps.AuthSteps - >>> Фактическая ошибка: 'Неверный формат E-Mail'
  &amp#27;[32mТогда &amp#27;[0m&amp#27;[32mпроверить, что отображается ошибка &amp#27;[0m&amp#27;[32m&amp#27;[1m"Неверный формат E-Mail"&amp#27;[0m &amp#27;[90m# steps.AuthSteps.seeError(java.lang.String)&amp#27;[0m
12:27:46 INFO  hooks.Hooks - >>> Закрываю браузер
]]></system-out>
  </testcase>
  <testcase name="Пароль в верхнем регистре" classname="Авторизация" time="1.419">
    <system-out><![CDATA[
Сценарий: Пароль в верхнем регистре                                     &amp#27;[90m# src/test/resources/features/auth.feature:52&amp#27;[0m
12:27:46 INFO  hooks.Hooks - >>> Запускаю браузер
12:27:47 INFO  steps.AuthSteps - >>> Открываю страницу: /workspaces/codespaces-blank/ui-tests/src/test/resources/qa-test.html
  &amp#27;[32mДано &amp#27;[0m&amp#27;[32mоткрыть страницу авторизации&amp#27;[0m                                     &amp#27;[90m# steps.AuthSteps.openAuthPage()&amp#27;[0m
12:27:47 INFO  steps.AuthSteps - >>> Ввожу логин: 'test@protei.ru' и пароль: 'TEST'
  &amp#27;[32mКогда &amp#27;[0m&amp#27;[32mввести логин &amp#27;[0m&amp#27;[32m&amp#27;[1m"test@protei.ru"&amp#27;[0m&amp#27;[32m и пароль &amp#27;[0m&amp#27;[32m&amp#27;[1m"TEST"&amp#27;[0m                   &amp#27;[90m# steps.AuthSteps.enterCredentials(java.lang.String,java.lang.String)&amp#27;[0m
12:27:48 INFO  steps.AuthSteps - >>> Нажимаю кнопку Вход
  &amp#27;[32mИ &amp#27;[0m&amp#27;[32mнажать кнопку Вход&amp#27;[0m                                                  &amp#27;[90m# steps.AuthSteps.clickAuthButton()&amp#27;[0m
12:27:48 INFO  steps.AuthSteps - >>> Проверяю ошибку: 'Неверный E-Mail или пароль'
12:27:48 INFO  steps.AuthSteps - >>> Фактическая ошибка: 'Неверный E-Mail или пароль'
  &amp#27;[32mТогда &amp#27;[0m&amp#27;[32mпроверить, что отображается ошибка &amp#27;[0m&amp#27;[32m&amp#27;[1m"Неверный E-Mail или пароль"&amp#27;[0m &amp#27;[90m# steps.AuthSteps.seeError(java.lang.String)&amp#27;[0m
12:27:48 INFO  hooks.Hooks - >>> Закрываю браузер
]]></system-out>
  </testcase>
  <testcase name="Добавление с валидными данными" classname="Добавление данных" time="1.87">
    <system-out><![CDATA[
Сценарий: Добавление с валидными данными              &amp#27;[90m# src/test/resources/features/data.feature:4&amp#27;[0m
12:27:48 INFO  hooks.Hooks - >>> Запускаю браузер
12:27:48 INFO  steps.AuthSteps - >>> Открываю страницу: /workspaces/codespaces-blank/ui-tests/src/test/resources/qa-test.html
  &amp#27;[32mДано &amp#27;[0m&amp#27;[32mоткрыть страницу авторизации&amp#27;[0m                   &amp#27;[90m# steps.AuthSteps.openAuthPage()&amp#27;[0m
12:27:49 INFO  steps.AuthSteps - >>> Ввожу логин: 'test@protei.ru' и пароль: 'test'
  &amp#27;[32mКогда &amp#27;[0m&amp#27;[32mввести логин &amp#27;[0m&amp#27;[32m&amp#27;[1m"test@protei.ru"&amp#27;[0m&amp#27;[32m и пароль &amp#27;[0m&amp#27;[32m&amp#27;[1m"test"&amp#27;[0m &amp#27;[90m# steps.AuthSteps.enterCredentials(java.lang.String,java.lang.String)&amp#27;[0m
12:27:49 INFO  steps.AuthSteps - >>> Нажимаю кнопку Вход
  &amp#27;[32mИ &amp#27;[0m&amp#27;[32mнажать кнопку Вход&amp#27;[0m                                &amp#27;[90m# steps.AuthSteps.clickAuthButton()&amp#27;[0m
12:27:49 INFO  steps.DataSteps - >>> Заполняю форму: Email='test@protei.ru', Имя='Иван Петров', Пол='Мужской', Выбор1='1.1', Выбор2='2.2'
12:27:49 INFO  steps.DataSteps - >>> Фактическое значение поля dataName: 'Иван Петров'
  &amp#27;[32mИ &amp#27;[0m&amp#27;[32mзаполнить форму:&amp#27;[0m                                  &amp#27;[90m# steps.DataSteps.fillForm(io.cucumber.datatable.DataTable)&amp#27;[0m
    | Email          | Имя         | Пол     | Выбор 1 | Выбор 2 |
    | test@protei.ru | Иван Петров | Мужской | 1.1     | 2.2     |
12:27:49 INFO  steps.DataSteps - >>> Нажимаю кнопку Добавить
  &amp#27;[32mИ &amp#27;[0m&amp#27;[32mнажать кнопку Добавить&amp#27;[0m                            &amp#27;[90m# steps.DataSteps.clickAddButton()&amp#27;[0m
12:27:50 INFO  steps.DataSteps - >>> Проверяю, что в таблице есть запись: Email='test@protei.ru', Имя='Иван Петров', Пол='Мужской'
12:27:50 INFO  steps.DataSteps - >>> Фактическая строка в таблице: 'test@protei.ru Иван Петров Мужской 1.1 2.2'
  &amp#27;[32mТогда &amp#27;[0m&amp#27;[32mпроверить, что в таблице есть запись:&amp#27;[0m         &amp#27;[90m# steps.DataSteps.checkTable(io.cucumber.datatable.DataTable)&amp#27;[0m
    | Email          | Имя         | Пол     |
    | test@protei.ru | Иван Петров | Мужской |
12:27:50 INFO  hooks.Hooks - >>> Закрываю браузер
]]></system-out>
  </testcase>
  <testcase name="Пустой Email в форме" classname="Добавление данных" time="1.555">
    <system-out><![CDATA[
Сценарий: Пустой Email в форме                                            &amp#27;[90m# src/test/resources/features/data.feature:16&amp#27;[0m
12:27:50 INFO  hooks.Hooks - >>> Запускаю браузер
12:27:50 INFO  steps.AuthSteps - >>> Открываю страницу: /workspaces/codespaces-blank/ui-tests/src/test/resources/qa-test.html
  &amp#27;[32mДано &amp#27;[0m&amp#27;[32mоткрыть страницу авторизации&amp#27;[0m                                       &amp#27;[90m# steps.AuthSteps.openAuthPage()&amp#27;[0m
12:27:50 INFO  steps.AuthSteps - >>> Ввожу логин: 'test@protei.ru' и пароль: 'test'
  &amp#27;[32mКогда &amp#27;[0m&amp#27;[32mввести логин &amp#27;[0m&amp#27;[32m&amp#27;[1m"test@protei.ru"&amp#27;[0m&amp#27;[32m и пароль &amp#27;[0m&amp#27;[32m&amp#27;[1m"test"&amp#27;[0m                     &amp#27;[90m# steps.AuthSteps.enterCredentials(java.lang.String,java.lang.String)&amp#27;[0m
12:27:51 INFO  steps.AuthSteps - >>> Нажимаю кнопку Вход
  &amp#27;[32mИ &amp#27;[0m&amp#27;[32mнажать кнопку Вход&amp#27;[0m                                                    &amp#27;[90m# steps.AuthSteps.clickAuthButton()&amp#27;[0m
12:27:51 INFO  steps.DataSteps - >>> Заполняю форму: Email='', Имя='Иван', Пол='Мужской', Выбор1='null', Выбор2='null'
12:27:51 INFO  steps.DataSteps - >>> Фактическое значение поля dataName: 'Иван'
  &amp#27;[32mИ &amp#27;[0m&amp#27;[32mзаполнить форму:&amp#27;[0m                                                      &amp#27;[90m# steps.DataSteps.fillForm(io.cucumber.datatable.DataTable)&amp#27;[0m
    | Email   | Имя  | Пол     |
    | [empty] | Иван | Мужской |
12:27:51 INFO  steps.DataSteps - >>> Нажимаю кнопку Добавить
  &amp#27;[32mИ &amp#27;[0m&amp#27;[32mнажать кнопку Добавить&amp#27;[0m                                                &amp#27;[90m# steps.DataSteps.clickAddButton()&amp#27;[0m
12:27:51 INFO  steps.DataSteps - >>> Проверяю ошибку формы: 'Неверный формат E-Mail'
12:27:51 INFO  steps.DataSteps - >>> Фактическая ошибка: 'Неверный формат E-Mail'
  &amp#27;[32mТогда &amp#27;[0m&amp#27;[32mпроверить, что отображается ошибка формы &amp#27;[0m&amp#27;[32m&amp#27;[1m"Неверный формат E-Mail"&amp#27;[0m &amp#27;[90m# steps.DataSteps.seeFormError(java.lang.String)&amp#27;[0m
12:27:51 INFO  hooks.Hooks - >>> Закрываю браузер
]]></system-out>
  </testcase>
  <testcase name="Пустое Имя" classname="Добавление данных" time="1.855">
    <system-out><![CDATA[
Сценарий: Пустое Имя                                                             &amp#27;[90m# src/test/resources/features/data.feature:26&amp#27;[0m
12:27:51 INFO  hooks.Hooks - >>> Запускаю браузер
12:27:52 INFO  steps.AuthSteps - >>> Открываю страницу: /workspaces/codespaces-blank/ui-tests/src/test/resources/qa-test.html
  &amp#27;[32mДано &amp#27;[0m&amp#27;[32mоткрыть страницу авторизации&amp#27;[0m                                              &amp#27;[90m# steps.AuthSteps.openAuthPage()&amp#27;[0m
12:27:52 INFO  steps.AuthSteps - >>> Ввожу логин: 'test@protei.ru' и пароль: 'test'
  &amp#27;[32mКогда &amp#27;[0m&amp#27;[32mввести логин &amp#27;[0m&amp#27;[32m&amp#27;[1m"test@protei.ru"&amp#27;[0m&amp#27;[32m и пароль &amp#27;[0m&amp#27;[32m&amp#27;[1m"test"&amp#27;[0m                            &amp#27;[90m# steps.AuthSteps.enterCredentials(java.lang.String,java.lang.String)&amp#27;[0m
12:27:52 INFO  steps.AuthSteps - >>> Нажимаю кнопку Вход
  &amp#27;[32mИ &amp#27;[0m&amp#27;[32mнажать кнопку Вход&amp#27;[0m                                                           &amp#27;[90m# steps.AuthSteps.clickAuthButton()&amp#27;[0m
12:27:52 INFO  steps.DataSteps - >>> Заполняю форму: Email='test@protei.ru', Имя='', Пол='Мужской', Выбор1='null', Выбор2='null'
12:27:53 INFO  steps.DataSteps - >>> Фактическое значение поля dataName: ''
  &amp#27;[32mИ &amp#27;[0m&amp#27;[32mзаполнить форму:&amp#27;[0m                                                             &amp#27;[90m# steps.DataSteps.fillForm(io.cucumber.datatable.DataTable)&amp#27;[0m
    | Email          | Имя     | Пол     |
    | test@protei.ru | [empty] | Мужской |
12:27:53 INFO  steps.DataSteps - >>> Нажимаю кнопку Добавить
  &amp#27;[32mИ &amp#27;[0m&amp#27;[32mнажать кнопку Добавить&amp#27;[0m                                                       &amp#27;[90m# steps.DataSteps.clickAddButton()&amp#27;[0m
12:27:53 INFO  steps.DataSteps - >>> Проверяю ошибку формы: 'Поле имя не может быть пустым'
12:27:53 INFO  steps.DataSteps - >>> Фактическая ошибка: 'Поле имя не может быть пустым'
  &amp#27;[32mТогда &amp#27;[0m&amp#27;[32mпроверить, что отображается ошибка формы &amp#27;[0m&amp#27;[32m&amp#27;[1m"Поле имя не может быть пустым"&amp#27;[0m &amp#27;[90m# steps.DataSteps.seeFormError(java.lang.String)&amp#27;[0m
12:27:53 INFO  hooks.Hooks - >>> Закрываю браузер
]]></system-out>
  </testcase>
  <testcase name="Без чекбоксов" classname="Добавление данных" time="1.891">
    <system-out><![CDATA[
Сценарий: Без чекбоксов                               &amp#27;[90m# src/test/resources/features/data.feature:36&amp#27;[0m
12:27:53 INFO  hooks.Hooks - >>> Запускаю браузер
12:27:54 INFO  steps.AuthSteps - >>> Открываю страницу: /workspaces/codespaces-blank/ui-tests/src/test/resources/qa-test.html
  &amp#27;[32mДано &amp#27;[0m&amp#27;[32mоткрыть страницу авторизации&amp#27;[0m                   &amp#27;[90m# steps.AuthSteps.openAuthPage()&amp#27;[0m
12:27:54 INFO  steps.AuthSteps - >>> Ввожу логин: 'test@protei.ru' и пароль: 'test'
  &amp#27;[32mКогда &amp#27;[0m&amp#27;[32mввести логин &amp#27;[0m&amp#27;[32m&amp#27;[1m"test@protei.ru"&amp#27;[0m&amp#27;[32m и пароль &amp#27;[0m&amp#27;[32m&amp#27;[1m"test"&amp#27;[0m &amp#27;[90m# steps.AuthSteps.enterCredentials(java.lang.String,java.lang.String)&amp#27;[0m
12:27:54 INFO  steps.AuthSteps - >>> Нажимаю кнопку Вход
  &amp#27;[32mИ &amp#27;[0m&amp#27;[32mнажать кнопку Вход&amp#27;[0m                                &amp#27;[90m# steps.AuthSteps.clickAuthButton()&amp#27;[0m
12:27:54 INFO  steps.DataSteps - >>> Заполняю форму: Email='test@protei.ru', Имя='Сергей', Пол='Женский', Выбор1='null', Выбор2='2.1'
12:27:55 INFO  steps.DataSteps - >>> Фактическое значение поля dataName: 'Сергей'
  &amp#27;[32mИ &amp#27;[0m&amp#27;[32mзаполнить форму:&amp#27;[0m                                  &amp#27;[90m# steps.DataSteps.fillForm(io.cucumber.datatable.DataTable)&amp#27;[0m
    | Email          | Имя    | Пол     | Выбор 1 | Выбор 2 |
    | test@protei.ru | Сергей | Женский | [empty] | 2.1     |
12:27:55 INFO  steps.DataSteps - >>> Нажимаю кнопку Добавить
  &amp#27;[32mИ &amp#27;[0m&amp#27;[32mнажать кнопку Добавить&amp#27;[0m                            &amp#27;[90m# steps.DataSteps.clickAddButton()&amp#27;[0m
12:27:55 INFO  steps.DataSteps - >>> Проверяю, что в таблице есть запись: Email='test@protei.ru', Имя='Сергей', Пол='Женский'
12:27:55 INFO  steps.DataSteps - >>> Фактическая строка в таблице: 'test@protei.ru Сергей Женский Нет 2.1'
  &amp#27;[32mТогда &amp#27;[0m&amp#27;[32mпроверить, что в таблице есть запись:&amp#27;[0m         &amp#27;[90m# steps.DataSteps.checkTable(io.cucumber.datatable.DataTable)&amp#27;[0m
    | Email          | Имя    | Пол     |
    | test@protei.ru | Сергей | Женский |
12:27:55 INFO  hooks.Hooks - >>> Закрываю браузер
]]></system-out>
  </testcase>
  <testcase name="Несколько чекбоксов" classname="Добавление данных" time="1.949">
    <system-out><![CDATA[
Сценарий: Несколько чекбоксов                         &amp#27;[90m# src/test/resources/features/data.feature:48&amp#27;[0m
12:27:55 INFO  hooks.Hooks - >>> Запускаю браузер
12:27:56 INFO  steps.AuthSteps - >>> Открываю страницу: /workspaces/codespaces-blank/ui-tests/src/test/resources/qa-test.html
  &amp#27;[32mДано &amp#27;[0m&amp#27;[32mоткрыть страницу авторизации&amp#27;[0m                   &amp#27;[90m# steps.AuthSteps.openAuthPage()&amp#27;[0m
12:27:56 INFO  steps.AuthSteps - >>> Ввожу логин: 'test@protei.ru' и пароль: 'test'
  &amp#27;[32mКогда &amp#27;[0m&amp#27;[32mввести логин &amp#27;[0m&amp#27;[32m&amp#27;[1m"test@protei.ru"&amp#27;[0m&amp#27;[32m и пароль &amp#27;[0m&amp#27;[32m&amp#27;[1m"test"&amp#27;[0m &amp#27;[90m# steps.AuthSteps.enterCredentials(java.lang.String,java.lang.String)&amp#27;[0m
12:27:56 INFO  steps.AuthSteps - >>> Нажимаю кнопку Вход
  &amp#27;[32mИ &amp#27;[0m&amp#27;[32mнажать кнопку Вход&amp#27;[0m                                &amp#27;[90m# steps.AuthSteps.clickAuthButton()&amp#27;[0m
12:27:56 INFO  steps.DataSteps - >>> Заполняю форму: Email='test@protei.ru', Имя='Анна', Пол='Женский', Выбор1='1.1', Выбор2='2.3'
12:27:57 INFO  steps.DataSteps - >>> Фактическое значение поля dataName: 'Анна'
  &amp#27;[32mИ &amp#27;[0m&amp#27;[32mзаполнить форму:&amp#27;[0m                                  &amp#27;[90m# steps.DataSteps.fillForm(io.cucumber.datatable.DataTable)&amp#27;[0m
    | Email          | Имя  | Пол     | Выбор 1 | Выбор 2 |
    | test@protei.ru | Анна | Женский | 1.1     | 2.3     |
12:27:57 INFO  steps.DataSteps - >>> Нажимаю кнопку Добавить
  &amp#27;[32mИ &amp#27;[0m&amp#27;[32mнажать кнопку Добавить&amp#27;[0m                            &amp#27;[90m# steps.DataSteps.clickAddButton()&amp#27;[0m
12:27:57 INFO  steps.DataSteps - >>> Проверяю, что в таблице есть запись: Email='test@protei.ru', Имя='Анна', Пол='Женский'
12:27:57 INFO  steps.DataSteps - >>> Фактическая строка в таблице: 'test@protei.ru Анна Женский 1.1 2.3'
  &amp#27;[32mТогда &amp#27;[0m&amp#27;[32mпроверить, что в таблице есть запись:&amp#27;[0m         &amp#27;[90m# steps.DataSteps.checkTable(io.cucumber.datatable.DataTable)&amp#27;[0m
    | Email          | Имя  | Пол     |
    | test@protei.ru | Анна | Женский |
12:27:57 INFO  hooks.Hooks - >>> Закрываю браузер
]]></system-out>
  </testcase>
  <testcase name="Добавление двух записей" classname="Добавление данных" time="2.204">
    <system-out><![CDATA[
Сценарий: Добавление двух записей                     &amp#27;[90m# src/test/resources/features/data.feature:60&amp#27;[0m
12:27:57 INFO  hooks.Hooks - >>> Запускаю браузер
12:27:58 INFO  steps.AuthSteps - >>> Открываю страницу: /workspaces/codespaces-blank/ui-tests/src/test/resources/qa-test.html
  &amp#27;[32mДано &amp#27;[0m&amp#27;[32mоткрыть страницу авторизации&amp#27;[0m                   &amp#27;[90m# steps.AuthSteps.openAuthPage()&amp#27;[0m
12:27:58 INFO  steps.AuthSteps - >>> Ввожу логин: 'test@protei.ru' и пароль: 'test'
  &amp#27;[32mКогда &amp#27;[0m&amp#27;[32mввести логин &amp#27;[0m&amp#27;[32m&amp#27;[1m"test@protei.ru"&amp#27;[0m&amp#27;[32m и пароль &amp#27;[0m&amp#27;[32m&amp#27;[1m"test"&amp#27;[0m &amp#27;[90m# steps.AuthSteps.enterCredentials(java.lang.String,java.lang.String)&amp#27;[0m
12:27:58 INFO  steps.AuthSteps - >>> Нажимаю кнопку Вход
  &amp#27;[32mИ &amp#27;[0m&amp#27;[32mнажать кнопку Вход&amp#27;[0m                                &amp#27;[90m# steps.AuthSteps.clickAuthButton()&amp#27;[0m
12:27:58 INFO  steps.DataSteps - >>> Заполняю форму: Email='test@protei.ru', Имя='Иван', Пол='Мужской', Выбор1='1.1', Выбор2='2.1'
12:27:58 INFO  steps.DataSteps - >>> Фактическое значение поля dataName: 'Иван'
  &amp#27;[32mИ &amp#27;[0m&amp#27;[32mзаполнить форму:&amp#27;[0m                                  &amp#27;[90m# steps.DataSteps.fillForm(io.cucumber.datatable.DataTable)&amp#27;[0m
    | Email          | Имя  | Пол     | Выбор 1 | Выбор 2 |
    | test@protei.ru | Иван | Мужской | 1.1     | 2.1     |
12:27:58 INFO  steps.DataSteps - >>> Нажимаю кнопку Добавить
  &amp#27;[32mИ &amp#27;[0m&amp#27;[32mнажать кнопку Добавить&amp#27;[0m                            &amp#27;[90m# steps.DataSteps.clickAddButton()&amp#27;[0m
12:27:59 INFO  steps.DataSteps - >>> Проверяю, что в таблице есть запись: Email='test@protei.ru', Имя='Иван', Пол='Мужской'
12:27:59 INFO  steps.DataSteps - >>> Фактическая строка в таблице: 'test@protei.ru Иван Мужской 1.1 2.1'
  &amp#27;[32mТогда &amp#27;[0m&amp#27;[32mпроверить, что в таблице есть запись:&amp#27;[0m         &amp#27;[90m# steps.DataSteps.checkTable(io.cucumber.datatable.DataTable)&amp#27;[0m
    | Email          | Имя  | Пол     |
    | test@protei.ru | Иван | Мужской |
12:27:59 INFO  steps.DataSteps - >>> Закрываю модальное окно
12:27:59 INFO  steps.DataSteps - >>> Модальное окно закрыто
  &amp#27;[32mИ &amp#27;[0m&amp#27;[32mзакрыть модальное окно&amp#27;[0m                            &amp#27;[90m# steps.DataSteps.closeModal()&amp#27;[0m
12:27:59 INFO  steps.DataSteps - >>> Заполняю форму: Email='test2@protei.ru', Имя='Анна', Пол='Женский', Выбор1='1.2', Выбор2='2.3'
12:27:59 INFO  steps.DataSteps - >>> Фактическое значение поля dataName: 'Анна'
  &amp#27;[32mИ &amp#27;[0m&amp#27;[32mзаполнить форму:&amp#27;[0m                                  &amp#27;[90m# steps.DataSteps.fillForm(io.cucumber.datatable.DataTable)&amp#27;[0m
    | Email           | Имя  | Пол     | Выбор 1 | Выбор 2 |
    | test2@protei.ru | Анна | Женский | 1.2     | 2.3     |
12:27:59 INFO  steps.DataSteps - >>> Нажимаю кнопку Добавить
  &amp#27;[32mИ &amp#27;[0m&amp#27;[32mнажать кнопку Добавить&amp#27;[0m                            &amp#27;[90m# steps.DataSteps.clickAddButton()&amp#27;[0m
12:27:59 INFO  steps.DataSteps - >>> Проверяю, что в таблице есть запись: Email='test2@protei.ru', Имя='Анна', Пол='Женский'
12:27:59 INFO  steps.DataSteps - >>> Фактическая строка в таблице: 'test2@protei.ru Анна Женский 1.1, 1.2 2.3'
  &amp#27;[32mТогда &amp#27;[0m&amp#27;[32mпроверить, что в таблице есть запись:&amp#27;[0m         &amp#27;[90m# steps.DataSteps.checkTable(io.cucumber.datatable.DataTable)&amp#27;[0m
    | Email           | Имя  | Пол     |
    | test2@protei.ru | Анна | Женский |
12:27:59 INFO  hooks.Hooks - >>> Закрываю браузер
]]></system-out>
  </testcase>
  <testcase name="Только чекбокс 1.2" classname="Добавление данных" time="2.066">
    <system-out><![CDATA[
Сценарий: Только чекбокс 1.2                          &amp#27;[90m# src/test/resources/features/data.feature:80&amp#27;[0m
12:27:59 INFO  hooks.Hooks - >>> Запускаю браузер
12:28:00 INFO  steps.AuthSteps - >>> Открываю страницу: /workspaces/codespaces-blank/ui-tests/src/test/resources/qa-test.html
  &amp#27;[32mДано &amp#27;[0m&amp#27;[32mоткрыть страницу авторизации&amp#27;[0m                   &amp#27;[90m# steps.AuthSteps.openAuthPage()&amp#27;[0m
12:28:00 INFO  steps.AuthSteps - >>> Ввожу логин: 'test@protei.ru' и пароль: 'test'
  &amp#27;[32mКогда &amp#27;[0m&amp#27;[32mввести логин &amp#27;[0m&amp#27;[32m&amp#27;[1m"test@protei.ru"&amp#27;[0m&amp#27;[32m и пароль &amp#27;[0m&amp#27;[32m&amp#27;[1m"test"&amp#27;[0m &amp#27;[90m# steps.AuthSteps.enterCredentials(java.lang.String,java.lang.String)&amp#27;[0m
12:28:00 INFO  steps.AuthSteps - >>> Нажимаю кнопку Вход
  &amp#27;[32mИ &amp#27;[0m&amp#27;[32mнажать кнопку Вход&amp#27;[0m                                &amp#27;[90m# steps.AuthSteps.clickAuthButton()&amp#27;[0m
12:28:00 INFO  steps.DataSteps - >>> Заполняю форму: Email='test@protei.ru', Имя='Сергей', Пол='Мужской', Выбор1='1.2', Выбор2='2.1'
12:28:01 INFO  steps.DataSteps - >>> Фактическое значение поля dataName: 'Сергей'
  &amp#27;[32mИ &amp#27;[0m&amp#27;[32mзаполнить форму:&amp#27;[0m                                  &amp#27;[90m# steps.DataSteps.fillForm(io.cucumber.datatable.DataTable)&amp#27;[0m
    | Email          | Имя    | Пол     | Выбор 1 | Выбор 2 |
    | test@protei.ru | Сергей | Мужской | 1.2     | 2.1     |
12:28:01 INFO  steps.DataSteps - >>> Нажимаю кнопку Добавить
  &amp#27;[32mИ &amp#27;[0m&amp#27;[32mнажать кнопку Добавить&amp#27;[0m                            &amp#27;[90m# steps.DataSteps.clickAddButton()&amp#27;[0m
12:28:01 INFO  steps.DataSteps - >>> Проверяю, что в таблице есть запись: Email='test@protei.ru', Имя='Сергей', Пол='Мужской'
12:28:01 INFO  steps.DataSteps - >>> Фактическая строка в таблице: 'test@protei.ru Сергей Мужской 1.2 2.1'
  &amp#27;[32mТогда &amp#27;[0m&amp#27;[32mпроверить, что в таблице есть запись:&amp#27;[0m         &amp#27;[90m# steps.DataSteps.checkTable(io.cucumber.datatable.DataTable)&amp#27;[0m
    | Email          | Имя    | Пол     |
    | test@protei.ru | Сергей | Мужской |
12:28:01 INFO  hooks.Hooks - >>> Закрываю браузер
]]></system-out>
  </testcase>
  <testcase name="Имя из одного символа" classname="Добавление данных" time="1.832">
    <system-out><![CDATA[
Сценарий: Имя из одного символа                       &amp#27;[90m# src/test/resources/features/data.feature:92&amp#27;[0m
12:28:01 INFO  hooks.Hooks - >>> Запускаю браузер
12:28:02 INFO  steps.AuthSteps - >>> Открываю страницу: /workspaces/codespaces-blank/ui-tests/src/test/resources/qa-test.html
  &amp#27;[32mДано &amp#27;[0m&amp#27;[32mоткрыть страницу авторизации&amp#27;[0m                   &amp#27;[90m# steps.AuthSteps.openAuthPage()&amp#27;[0m
12:28:02 INFO  steps.AuthSteps - >>> Ввожу логин: 'test@protei.ru' и пароль: 'test'
  &amp#27;[32mКогда &amp#27;[0m&amp#27;[32mввести логин &amp#27;[0m&amp#27;[32m&amp#27;[1m"test@protei.ru"&amp#27;[0m&amp#27;[32m и пароль &amp#27;[0m&amp#27;[32m&amp#27;[1m"test"&amp#27;[0m &amp#27;[90m# steps.AuthSteps.enterCredentials(java.lang.String,java.lang.String)&amp#27;[0m
12:28:02 INFO  steps.AuthSteps - >>> Нажимаю кнопку Вход
  &amp#27;[32mИ &amp#27;[0m&amp#27;[32mнажать кнопку Вход&amp#27;[0m                                &amp#27;[90m# steps.AuthSteps.clickAuthButton()&amp#27;[0m
12:28:02 INFO  steps.DataSteps - >>> Заполняю форму: Email='test@protei.ru', Имя='Я', Пол='Мужской', Выбор1='1.1', Выбор2='2.2'
12:28:03 INFO  steps.DataSteps - >>> Фактическое значение поля dataName: 'Я'
  &amp#27;[32mИ &amp#27;[0m&amp#27;[32mзаполнить форму:&amp#27;[0m                                  &amp#27;[90m# steps.DataSteps.fillForm(io.cucumber.datatable.DataTable)&amp#27;[0m
    | Email          | Имя | Пол     | Выбор 1 | Выбор 2 |
    | test@protei.ru | Я   | Мужской | 1.1     | 2.2     |
12:28:03 INFO  steps.DataSteps - >>> Нажимаю кнопку Добавить
  &amp#27;[32mИ &amp#27;[0m&amp#27;[32mнажать кнопку Добавить&amp#27;[0m                            &amp#27;[90m# steps.DataSteps.clickAddButton()&amp#27;[0m
12:28:03 INFO  steps.DataSteps - >>> Проверяю, что в таблице есть запись: Email='test@protei.ru', Имя='Я', Пол='Мужской'
12:28:03 INFO  steps.DataSteps - >>> Фактическая строка в таблице: 'test@protei.ru Я Мужской 1.1 2.2'
  &amp#27;[32mТогда &amp#27;[0m&amp#27;[32mпроверить, что в таблице есть запись:&amp#27;[0m         &amp#27;[90m# steps.DataSteps.checkTable(io.cucumber.datatable.DataTable)&amp#27;[0m
    | Email          | Имя | Пол     |
    | test@protei.ru | Я   | Мужской |
12:28:03 INFO  hooks.Hooks - >>> Закрываю браузер
]]></system-out>
  </testcase>
</testsuite>